<?xml version="1.0" encoding="UTF-8"?>
<!-- Generated by org.testng.reporters.JUnitReportReporter -->
<testsuite skipped="0" hostname="PC-02" name="runner1.MultiLoginTests" tests="3" failures="0" timestamp="2020-10-22T15:39:06 BST" time="22.746" errors="0">
  <testcase name="runScenario" time="6.703" classname="runner1.MultiLoginTests"/>
  <system-out/>
  <testcase name="runScenario" time="8.777" classname="runner1.MultiLoginTests"/>
  <system-out/>
  <testcase name="runScenario" time="7.266" classname="runner1.MultiLoginTests"/>
  <system-out/>
</testsuite> <!-- runner1.MultiLoginTests -->
