<?xml version="1.0" encoding="UTF-8"?>
<!-- Generated by org.testng.reporters.JUnitReportReporter -->
<testsuite skipped="1" hostname="PC-02" name="week5.day2.classassignments.DeleteLead5" tests="1" failures="0" timestamp="2021-04-04T22:21:14 BST" time="0.000" errors="0">
  <testcase name="deleteLead5" time="0.000" classname="week5.day2.classassignments.DeleteLead5">
    <skipped/>
  </testcase> <!-- deleteLead5 -->
  <system-out/>
</testsuite> <!-- week5.day2.classassignments.DeleteLead5 -->
