<?xml version="1.0" encoding="UTF-8"?>
<!-- Generated by org.testng.reporters.JUnitReportReporter -->
<testsuite skipped="0" hostname="PC-02" name="week5.day1.RunTest" tests="1" failures="0" timestamp="2020-10-12T22:36:41 BST" time="0.009" errors="0">
  <testcase name="run2" time="0.009" classname="week5.day1.RunTest"/>
  <system-out/>
</testsuite> <!-- week5.day1.RunTest -->
