<?xml version="1.0" encoding="UTF-8"?>
<!-- Generated by org.testng.reporters.JUnitReportReporter -->
<testsuite skipped="0" hostname="PC-02" name="week5.day2.classassignments.DynamicParaCreateLead" tests="3" failures="0" timestamp="2020-10-16T18:14:46 BST" time="57.980" errors="0">
  <testcase name="createLead2" time="21.711" classname="week5.day2.classassignments.DynamicParaCreateLead"/>
  <system-out/>
  <testcase name="createLead2" time="17.810" classname="week5.day2.classassignments.DynamicParaCreateLead"/>
  <system-out/>
  <testcase name="createLead2" time="18.459" classname="week5.day2.classassignments.DynamicParaCreateLead"/>
  <system-out/>
</testsuite> <!-- week5.day2.classassignments.DynamicParaCreateLead -->
