<?xml version="1.0" encoding="UTF-8"?>
<!-- Generated by org.testng.reporters.JUnitReportReporter -->
<testsuite skipped="0" hostname="PC-02" name="week5.day2.classasignments.DeleteLead5" tests="2" failures="0" timestamp="2020-10-11T07:34:42 BST" time="43.926" errors="0">
  <testcase name="createLead5" time="23.582" classname="week5.day2.classasignments.DeleteLead5"/>
  <system-out/>
  <testcase name="deleteLead5" time="20.344" classname="week5.day2.classasignments.DeleteLead5"/>
  <system-out/>
</testsuite> <!-- week5.day2.classasignments.DeleteLead5 -->
