<?xml version="1.0" encoding="UTF-8"?>
<!-- Generated by org.testng.reporters.JUnitReportReporter -->
<testsuite skipped="0" hostname="PC-02" name="week6.day1.EditLead6" tests="2" failures="0" timestamp="2020-10-22T17:16:18 BST" time="41.716" errors="0">
  <testcase name="runEditLead" time="21.096" classname="week6.day1.EditLead6"/>
  <system-out/>
  <testcase name="runEditLead" time="20.620" classname="week6.day1.EditLead6"/>
  <system-out/>
</testsuite> <!-- week6.day1.EditLead6 -->
