<?xml version="1.0" encoding="UTF-8"?>
<!-- Generated by org.testng.reporters.JUnitReportReporter -->
<testsuite skipped="0" hostname="PC-02" name="week5.day1.TestNGDuplicateLead" tests="1" failures="0" timestamp="2020-10-12T22:39:52 BST" time="28.868" errors="0">
  <testcase name="testNgDuplicateLead" time="28.868" classname="week5.day1.TestNGDuplicateLead"/>
  <system-out/>
</testsuite> <!-- week5.day1.TestNGDuplicateLead -->
