<?xml version="1.0" encoding="UTF-8"?>
<!-- Generated by org.testng.reporters.JUnitReportReporter -->
<testsuite skipped="0" hostname="PC-02" name="runner1.RunCreateLead1" tests="1" failures="0" timestamp="2020-10-21T22:36:55 BST" time="26.779" errors="0">
  <testcase name="runScenario" time="26.779" classname="runner1.RunCreateLead1"/>
  <system-out/>
</testsuite> <!-- runner1.RunCreateLead1 -->
