<?xml version="1.0" encoding="UTF-8"?>
<!-- Generated by org.testng.reporters.JUnitReportReporter -->
<testsuite skipped="0" hostname="PC-02" name="week5.day2.classassignments.CreateLead5" tests="1" failures="0" timestamp="2021-05-03T14:27:08 BST" time="16.574" errors="0">
  <testcase name="createLead5" time="16.574" classname="week5.day2.classassignments.CreateLead5"/>
  <system-out/>
</testsuite> <!-- week5.day2.classassignments.CreateLead5 -->
