<?xml version="1.0" encoding="UTF-8"?>
<!-- Generated by org.testng.reporters.JUnitReportReporter -->
<testsuite skipped="0" hostname="PC-02" name="week5.day2.LearnPriority1" tests="6" failures="0" timestamp="2020-10-12T23:13:23 BST" time="0.009" errors="0">
  <testcase name="createLead" time="0.008" classname="week5.day2.LearnPriority1"/>
  <system-out/>
  <testcase name="mergeLead" time="0.001" classname="week5.day2.LearnPriority1"/>
  <system-out/>
  <testcase name="editLead" time="0.000" classname="week5.day2.LearnPriority1"/>
  <system-out/>
  <testcase name="createLead1" time="0.000" classname="week5.day2.LearnPriority1"/>
  <system-out/>
  <testcase name="mergeLead1" time="0.000" classname="week5.day2.LearnPriority1"/>
  <system-out/>
  <testcase name="editLead1" time="0.000" classname="week5.day2.LearnPriority1"/>
  <system-out/>
</testsuite> <!-- week5.day2.LearnPriority1 -->
