<?xml version="1.0" encoding="UTF-8"?>
<!-- Generated by org.testng.reporters.JUnitReportReporter -->
<testsuite skipped="0" hostname="PC-02" name="week5.day1.TestNGCreateLead" tests="1" failures="0" timestamp="2020-10-19T22:16:57 BST" time="19.483" errors="0">
  <testcase name="testNgCreateLead" time="19.483" classname="week5.day1.TestNGCreateLead"/>
  <system-out/>
</testsuite> <!-- week5.day1.TestNGCreateLead -->
