<?xml version="1.0" encoding="UTF-8"?>
<!-- Generated by org.testng.reporters.JUnitReportReporter -->
<testsuite skipped="0" hostname="PC-02" name="week5.day2.classassignments.StaticParaCreateLead" tests="1" failures="0" timestamp="2020-10-13T13:47:36 BST" time="29.845" errors="0">
  <testcase name="staticParaCreateLead" time="29.845" classname="week5.day2.classassignments.StaticParaCreateLead"/>
  <system-out/>
</testsuite> <!-- week5.day2.classassignments.StaticParaCreateLead -->
