<?xml version="1.0" encoding="UTF-8"?>
<!-- Generated by org.testng.reporters.JUnitReportReporter -->
<testsuite skipped="0" hostname="PC-02" name="week5.day1.CreateLeadExt" tests="1" failures="0" timestamp="2020-10-12T22:31:37 BST" time="23.853" errors="0">
  <testcase name="createLead" time="23.853" classname="week5.day1.CreateLeadExt"/>
  <system-out/>
</testsuite> <!-- week5.day1.CreateLeadExt -->
