<?xml version="1.0" encoding="UTF-8"?>
<!-- Generated by org.testng.reporters.JUnitReportReporter -->
<testsuite skipped="0" hostname="PC-02" name="week5.day1.LearnAnnotations" tests="1" failures="0" timestamp="2020-10-10T23:32:06 BST" time="0.005" errors="0">
  <testcase name="f" time="0.005" classname="week5.day1.LearnAnnotations"/>
  <system-out/>
</testsuite> <!-- week5.day1.LearnAnnotations -->
